<?xml version="1.0" encoding="UTF-8"?>
<!-- Generated by org.testng.reporters.JUnitReportReporter -->
<testsuite hostname="DESKTOP-RFSL0CH" failures="0" tests="1" name="think.Bridges.Quetion2" time="17.284" errors="0" timestamp="2021-10-24T13:06:10 IST" skipped="0">
  <testcase classname="think.Bridges.Quetion2" name="travelWebsites" time="17.284"/>
  <system-out/>
</testsuite> <!-- think.Bridges.Quetion2 -->
